h:\github\chip-8-emulator\emulador chip-8\emulador chip-8\x64\debug\vc140.pdb
h:\github\chip-8-emulator\emulador chip-8\emulador chip-8\x64\debug\vc140.idb
h:\github\chip-8-emulator\emulador chip-8\emulador chip-8\x64\debug\chip8.obj
h:\github\chip-8-emulator\emulador chip-8\emulador chip-8\x64\debug\main.obj
d:\git\chip-8-emulator\emulador chip-8\emulador chip-8\x64\debug\vc140.pdb
d:\git\chip-8-emulator\emulador chip-8\emulador chip-8\x64\debug\vc140.idb
d:\git\chip-8-emulator\emulador chip-8\emulador chip-8\x64\debug\graficos_allegro.obj
d:\git\chip-8-emulator\emulador chip-8\emulador chip-8\x64\debug\main.obj
d:\git\chip-8-emulator\emulador chip-8\emulador chip-8\x64\debug\chip8.obj
h:\github\chip-8-emulator\emulador chip-8\x64\debug\emulador chip-8.ilk
h:\github\chip-8-emulator\emulador chip-8\x64\debug\emulador chip-8.exe
h:\github\chip-8-emulator\emulador chip-8\x64\debug\emulador chip-8.pdb
d:\git\chip-8-emulator\emulador chip-8\x64\debug\emulador chip-8.pdb
d:\git\chip-8-emulator\emulador chip-8\emulador chip-8\x64\debug\emulador chip-8.tlog\cl.command.1.tlog
d:\git\chip-8-emulator\emulador chip-8\emulador chip-8\x64\debug\emulador chip-8.tlog\cl.read.1.tlog
d:\git\chip-8-emulator\emulador chip-8\emulador chip-8\x64\debug\emulador chip-8.tlog\cl.write.1.tlog
d:\git\chip-8-emulator\emulador chip-8\emulador chip-8\x64\debug\emulador chip-8.tlog\link-cvtres.read.1.tlog
d:\git\chip-8-emulator\emulador chip-8\emulador chip-8\x64\debug\emulador chip-8.tlog\link-cvtres.write.1.tlog
d:\git\chip-8-emulator\emulador chip-8\emulador chip-8\x64\debug\emulador chip-8.tlog\link-rc.read.1.tlog
d:\git\chip-8-emulator\emulador chip-8\emulador chip-8\x64\debug\emulador chip-8.tlog\link-rc.write.1.tlog
d:\git\chip-8-emulator\emulador chip-8\emulador chip-8\x64\debug\emulador chip-8.tlog\link.command.1.tlog
d:\git\chip-8-emulator\emulador chip-8\emulador chip-8\x64\debug\emulador chip-8.tlog\link.read.1.tlog
d:\git\chip-8-emulator\emulador chip-8\emulador chip-8\x64\debug\emulador chip-8.tlog\link.write.1.tlog
